10:10:26: MLL Proggenerator started V00.08 02.02.2021
10:10:26:  Platform: Windows-10-10.0.19041-SP0
10:10:26: Installationfolder D:\data\doc\GitHub\ZUSI_TimeTableGraph
10:10:26: readConfigData
10:10:26: ReadConfig: {'startpagename': 'StartPage', 'pos_x': 1, 'pos_y': 23, 'Bfp_filename': 'D:/Zusi3/_ZusiData/Timetables/Deutschland/Ruhrtalbahn/Hagen-Kassel_Fahrplan1981_12Uhr-19Uhr.fpn', 'Bfp_trainfilename': 'D:/Zusi3/_ZusiData/Timetables/Deutschland/Ruhrtalbahn\\Hagen-Kassel_Fahrplan1981_12Uhr-19Uhr\\D843.timetable.xml', 'StartStation': 'Hagen_Hbf', 'EndStation': 'Kassel_Hbf', 'TLDirection': 'horizontal', 'TLDirection_No': 0, 'Bfp_width': 3000, 'Bfp_height': 2000, 'Bfp_start': 11, 'Bfp_duration': 8, 'TLFileType': '.trn', 'TLFileType_No': 0, 'Bfp_TrainMinuteSize': 6, 'Bfp_S_LineColor': '#ff8040', 'Bfp_S_LineWidth': 1, 'Bfp_S_LineLabelDir': 'Diagonal', 'Bfp_S_LineLabelDir_No': 2, 'Bfp_S_LineLabelSize': 10, 'Bfp_TH_LineColor': '#ff8040', 'Bfp_TH_LineWidth': 1, 'Bfp_TH_LineLabelSize': 8, 'Bfp_TrainTypeProp': {'0': {'Bfp_TrainType': '*', 'Bfp_TrainTypeColor': 'black', 'Bfp_TrainTypeWidth': 1, 'Bfp_TrainTypeLabel': 'Mitte', 'Bfp_TrainTypeLabel_No': 4, 'Bfp_TrainTypeLabelSize': 7}, '1': {'Bfp_TrainType': 'D', 'Bfp_TrainTypeColor': '#ff0000', 'Bfp_TrainTypeWidth': 2, 'Bfp_TrainTypeLabel': 'Mitte', 'Bfp_TrainTypeLabel_No': 4, 'Bfp_TrainTypeLabelSize': 8}, '2': {'Bfp_TrainType': 'Dt', 'Bfp_TrainTypeColor': '#ff0000', 'Bfp_TrainTypeWidth': 2, 'Bfp_TrainTypeLabel': 'Mitte', 'Bfp_TrainTypeLabel_No': 4, 'Bfp_TrainTypeLabelSize': 8}, '3': {'Bfp_TrainType': '', 'Bfp_TrainTypeColor': 'black', 'Bfp_TrainTypeWidth': 4, 'Bfp_TrainTypeLabel': 'Alle Segmente', 'Bfp_TrainTypeLabel_No': 0, 'Bfp_TrainTypeLabelSize': 10}, '4': {'Bfp_TrainType': '', 'Bfp_TrainTypeColor': 'black', 'Bfp_TrainTypeWidth': 4, 'Bfp_TrainTypeLabel': 'Alle Segmente', 'Bfp_TrainTypeLabel_No': 0, 'Bfp_TrainTypeLabelSize': 10}, '5': {'Bfp_TrainType': '', 'Bfp_TrainTypeColor': 'black', 'Bfp_TrainTypeWidth': 4, 'Bfp_TrainTypeLabel': 'Alle Segmente', 'Bfp_TrainTypeLabel_No': 0, 'Bfp_TrainTypeLabelSize': 10}, '6': {'Bfp_TrainType': '', 'Bfp_TrainTypeColor': 'black', 'Bfp_TrainTypeWidth': 4, 'Bfp_TrainTypeLabel': 'Alle Segmente', 'Bfp_TrainTypeLabel_No': 0, 'Bfp_TrainTypeLabelSize': 10}, '7': {'Bfp_TrainType': '', 'Bfp_TrainTypeColor': 'black', 'Bfp_TrainTypeWidth': 4, 'Bfp_TrainTypeLabel': 'Alle Segmente', 'Bfp_TrainTypeLabel_No': 0, 'Bfp_TrainTypeLabelSize': 10}, '8': {'Bfp_TrainType': '', 'Bfp_TrainTypeColor': 'black', 'Bfp_TrainTypeWidth': 4, 'Bfp_TrainTypeLabel': 'Alle Segmente', 'Bfp_TrainTypeLabel_No': 0, 'Bfp_TrainTypeLabelSize': 10}, '9': {'Bfp_TrainType': '', 'Bfp_TrainTypeColor': 'black', 'Bfp_TrainTypeWidth': 4, 'Bfp_TrainTypeLabel': 'Alle Segmente', 'Bfp_TrainTypeLabel_No': 0, 'Bfp_TrainTypeLabelSize': 10}}, 'TeilStreckeCheckButton': True}
10:10:26: running in a normal Python process
10:10:26: ReadConfig: {'startpagename': 'StartPage', 'pos_x': 1, 'pos_y': 23, 'Bfp_filename': 'D:/Zusi3/_ZusiData/Timetables/Deutschland/Ruhrtalbahn/Hagen-Kassel_Fahrplan1981_12Uhr-19Uhr.fpn', 'Bfp_trainfilename': 'D:/Zusi3/_ZusiData/Timetables/Deutschland/Ruhrtalbahn\\Hagen-Kassel_Fahrplan1981_12Uhr-19Uhr\\D843.timetable.xml', 'StartStation': 'Hagen_Hbf', 'EndStation': 'Kassel_Hbf', 'TLDirection': 'horizontal', 'TLDirection_No': 0, 'Bfp_width': 3000, 'Bfp_height': 2000, 'Bfp_start': 11, 'Bfp_duration': 8, 'TLFileType': '.trn', 'TLFileType_No': 0, 'Bfp_TrainMinuteSize': 6, 'Bfp_S_LineColor': '#ff8040', 'Bfp_S_LineWidth': 1, 'Bfp_S_LineLabelDir': 'Diagonal', 'Bfp_S_LineLabelDir_No': 2, 'Bfp_S_LineLabelSize': 10, 'Bfp_TH_LineColor': '#ff8040', 'Bfp_TH_LineWidth': 1, 'Bfp_TH_LineLabelSize': 8, 'Bfp_TrainTypeProp': {'0': {'Bfp_TrainType': '*', 'Bfp_TrainTypeColor': 'black', 'Bfp_TrainTypeWidth': 1, 'Bfp_TrainTypeLabel': 'Mitte', 'Bfp_TrainTypeLabel_No': 4, 'Bfp_TrainTypeLabelSize': 7}, '1': {'Bfp_TrainType': 'D', 'Bfp_TrainTypeColor': '#ff0000', 'Bfp_TrainTypeWidth': 2, 'Bfp_TrainTypeLabel': 'Mitte', 'Bfp_TrainTypeLabel_No': 4, 'Bfp_TrainTypeLabelSize': 8}, '2': {'Bfp_TrainType': 'Dt', 'Bfp_TrainTypeColor': '#ff0000', 'Bfp_TrainTypeWidth': 2, 'Bfp_TrainTypeLabel': 'Mitte', 'Bfp_TrainTypeLabel_No': 4, 'Bfp_TrainTypeLabelSize': 8}, '3': {'Bfp_TrainType': '', 'Bfp_TrainTypeColor': 'black', 'Bfp_TrainTypeWidth': 4, 'Bfp_TrainTypeLabel': 'Alle Segmente', 'Bfp_TrainTypeLabel_No': 0, 'Bfp_TrainTypeLabelSize': 10}, '4': {'Bfp_TrainType': '', 'Bfp_TrainTypeColor': 'black', 'Bfp_TrainTypeWidth': 4, 'Bfp_TrainTypeLabel': 'Alle Segmente', 'Bfp_TrainTypeLabel_No': 0, 'Bfp_TrainTypeLabelSize': 10}, '5': {'Bfp_TrainType': '', 'Bfp_TrainTypeColor': 'black', 'Bfp_TrainTypeWidth': 4, 'Bfp_TrainTypeLabel': 'Alle Segmente', 'Bfp_TrainTypeLabel_No': 0, 'Bfp_TrainTypeLabelSize': 10}, '6': {'Bfp_TrainType': '', 'Bfp_TrainTypeColor': 'black', 'Bfp_TrainTypeWidth': 4, 'Bfp_TrainTypeLabel': 'Alle Segmente', 'Bfp_TrainTypeLabel_No': 0, 'Bfp_TrainTypeLabelSize': 10}, '7': {'Bfp_TrainType': '', 'Bfp_TrainTypeColor': 'black', 'Bfp_TrainTypeWidth': 4, 'Bfp_TrainTypeLabel': 'Alle Segmente', 'Bfp_TrainTypeLabel_No': 0, 'Bfp_TrainTypeLabelSize': 10}, '8': {'Bfp_TrainType': '', 'Bfp_TrainTypeColor': 'black', 'Bfp_TrainTypeWidth': 4, 'Bfp_TrainTypeLabel': 'Alle Segmente', 'Bfp_TrainTypeLabel_No': 0, 'Bfp_TrainTypeLabelSize': 10}, '9': {'Bfp_TrainType': '', 'Bfp_TrainTypeColor': 'black', 'Bfp_TrainTypeWidth': 4, 'Bfp_TrainTypeLabel': 'Alle Segmente', 'Bfp_TrainTypeLabel_No': 0, 'Bfp_TrainTypeLabelSize': 10}}, 'TeilStreckeCheckButton': True}
10:10:26: GetConfigData Key: FontLabel
10:10:26: GetConfigData Key: FontSpinbox
10:10:26: GetConfigData Key: FontText
10:10:26: GetConfigData Key: FontLabel
10:10:26: GetConfigData Key: FontLabel
10:10:26: GetConfigData Key: FontText
10:10:26: GetConfigData Key: Bfp_width
10:10:26: GetConfigData Key: Bfp_height
10:10:26: GetConfigData Key: GhostScriptPath
10:10:26: Screenwidth: 2560 Screenheight: 1440
10:10:26: GetConfigData Key: pos_x
10:10:26: GetConfigData Key: pos_y
10:10:26: GetConfigData Key: pos_x
10:10:26: GetConfigData Key: pos_y
10:10:26: TabClass: <class 'timetablepages.StartPage.StartPage'> 
10:10:26: Init Page StartPage 
10:10:26: Open Photo1 Bildfahrplan1.png 
10:10:26: Open Photo2 D:\data\doc\GitHub\ZUSI_TimeTableGraph\timetablepages\Bildfahrplan1.png 
10:10:26: Open Photo D:\data\doc\GitHub\ZUSI_TimeTableGraph\timetablepages\Bildfahrplan1.png 
10:10:26: Open Content {'ZUSI Bildfahrplan': 'Zusi ist eine stark vorbildorientierte, PC-basierte 3D-Eisenbahnfahrsimulation, mit dem Schwerpunkt auf dem virtuellen Fahren eines Zuges. Bei Zusi gibt es komplette Fahrplanszenarien mit u.U. mehreren 100 Zügen. Der Benutzer kann sich einen der Züge aussuchen und diesen manuell fahren oder auch vom Autopiloten fahren lassen und aus Lokführersicht zusehen. Details findet man unter http://www.zusi.de.\n\nEin Bildfahrplan ist eine grafische Darstellung eines Zugfahrplans für eine Strecke mit definierten Bahnhöfen in einem bestimmten Zeitraum.\n\nDas ZUSI Bildfahrplanprogramm kann ZUSI-Fahrplanszenarien als grafischen Bildfahrplan darstellen.\n\nZur Erstellung eines Bildfahrplans geht man folgendermassen vor:\n\n1. Auf die Seite <Fahrplan und Strecke> wechseln\n2. Mit Hilfe des Buttons <ZUSI Fahrplandatei> einen ZUSI Fahrplan auswählen (Erweiterung .fpl).\n3. Um die Strecke und die Bahnhöfe zu definieren, wird ein ZUSI-Buchfahrplan verwendet. Dieser enthält für eine Strecke alle notwendigen Angaben.\n4. Der ZUSI-Buchfahrplan kann aus der Streckenliste ausgewählt werden oder direkt als ZUSI Buchfahrplan-Datei (Erweiterung .timeline.xml)\n5. Auf der Seite <Ansicht Einstellungen> kann die Grösse des Bildfahrplans in Pixel, die Ausrichtung (horizontal oder vertikal) und der Zeitraum angegeben werden. Ausserdem ist es möglich beliebigen Zuggattungen eine Linen Farbe zuzuordnen.\n6. Sind alle Angaben gemacht, kann auf der Seite <Bildfahrplan> der Bildfahrplan angezeigt werden. Je nach Komplexität des Fahrplans, kann die Anzeige etwas dauern.\n'} 
10:10:26: Create Tab: StartPage
10:10:26: TabClass: <class 'timetablepages.TimetablePage.TimeTablePage'> 
10:10:26: GetConfigData Key: Bfp_width
10:10:26: GetConfigData Key: Bfp_height
10:10:26: GetConfigData Key: Bfp_filename
10:10:26: GetConfigData Key: Bfp_trainfilename
10:10:26: GetConfigData Key: Bfp_start
10:10:26: GetConfigData Key: Bfp_duration
10:10:26: Create Tab: Bildfahrplan
10:10:26: TabClass: <class 'timetablepages.StationsConfigurationPage.StationsConfigurationPage'> 
10:10:26: StationsConfigurationPage - Generic
10:10:26: StationsConfigurationPage - Multipleparams
10:10:26: GetConfigData Key: Bfp_filename
10:10:27: Kein BuchfahrplanRohDatei Element gefunden E3630_3631 D:/Zusi3/_ZusiData/Timetables/Deutschland/Ruhrtalbahn\Hagen-Kassel_Fahrplan1981_12Uhr-19Uhr
10:10:28: Kein BuchfahrplanRohDatei Element gefunden Üg69922_Lz87680 D:/Zusi3/_ZusiData/Timetables/Deutschland/Ruhrtalbahn\Hagen-Kassel_Fahrplan1981_12Uhr-19Uhr
10:10:28: Kein BuchfahrplanRohDatei Element gefunden X-DekoKasselHbf_Gleis2-4 D:/Zusi3/_ZusiData/Timetables/Deutschland/Ruhrtalbahn\Hagen-Kassel_Fahrplan1981_12Uhr-19Uhr
10:10:28: SaveConfig: Fahrplan und Strecke - {'startpagename': 'StartPage', 'pos_x': 1, 'pos_y': 23, 'Bfp_filename': 'D:/Zusi3/_ZusiData/Timetables/Deutschland/Ruhrtalbahn/Hagen-Kassel_Fahrplan1981_12Uhr-19Uhr.fpn', 'Bfp_trainfilename': 'D:/Zusi3/_ZusiData/Timetables/Deutschland/Ruhrtalbahn\\Hagen-Kassel_Fahrplan1981_12Uhr-19Uhr\\D843.timetable.xml', 'StartStation': 'Hagen_Hbf', 'EndStation': 'Kassel_Hbf', 'TLDirection': 'horizontal', 'TLDirection_No': 0, 'Bfp_width': 3000, 'Bfp_height': 2000, 'Bfp_start': 11, 'Bfp_duration': 8, 'TLFileType': '.trn', 'TLFileType_No': 0, 'Bfp_TrainMinuteSize': 6, 'Bfp_S_LineColor': '#ff8040', 'Bfp_S_LineWidth': 1, 'Bfp_S_LineLabelDir': 'Diagonal', 'Bfp_S_LineLabelDir_No': 2, 'Bfp_S_LineLabelSize': 10, 'Bfp_TH_LineColor': '#ff8040', 'Bfp_TH_LineWidth': 1, 'Bfp_TH_LineLabelSize': 8, 'Bfp_TrainTypeProp': {'0': {'Bfp_TrainType': '*', 'Bfp_TrainTypeColor': 'black', 'Bfp_TrainTypeWidth': 1, 'Bfp_TrainTypeLabel': 'Mitte', 'Bfp_TrainTypeLabel_No': 4, 'Bfp_TrainTypeLabelSize': 7}, '1': {'Bfp_TrainType': 'D', 'Bfp_TrainTypeColor': '#ff0000', 'Bfp_TrainTypeWidth': 2, 'Bfp_TrainTypeLabel': 'Mitte', 'Bfp_TrainTypeLabel_No': 4, 'Bfp_TrainTypeLabelSize': 8}, '2': {'Bfp_TrainType': 'Dt', 'Bfp_TrainTypeColor': '#ff0000', 'Bfp_TrainTypeWidth': 2, 'Bfp_TrainTypeLabel': 'Mitte', 'Bfp_TrainTypeLabel_No': 4, 'Bfp_TrainTypeLabelSize': 8}, '3': {'Bfp_TrainType': '', 'Bfp_TrainTypeColor': 'black', 'Bfp_TrainTypeWidth': 4, 'Bfp_TrainTypeLabel': 'Alle Segmente', 'Bfp_TrainTypeLabel_No': 0, 'Bfp_TrainTypeLabelSize': 10}, '4': {'Bfp_TrainType': '', 'Bfp_TrainTypeColor': 'black', 'Bfp_TrainTypeWidth': 4, 'Bfp_TrainTypeLabel': 'Alle Segmente', 'Bfp_TrainTypeLabel_No': 0, 'Bfp_TrainTypeLabelSize': 10}, '5': {'Bfp_TrainType': '', 'Bfp_TrainTypeColor': 'black', 'Bfp_TrainTypeWidth': 4, 'Bfp_TrainTypeLabel': 'Alle Segmente', 'Bfp_TrainTypeLabel_No': 0, 'Bfp_TrainTypeLabelSize': 10}, '6': {'Bfp_TrainType': '', 'Bfp_TrainTypeColor': 'black', 'Bfp_TrainTypeWidth': 4, 'Bfp_TrainTypeLabel': 'Alle Segmente', 'Bfp_TrainTypeLabel_No': 0, 'Bfp_TrainTypeLabelSize': 10}, '7': {'Bfp_TrainType': '', 'Bfp_TrainTypeColor': 'black', 'Bfp_TrainTypeWidth': 4, 'Bfp_TrainTypeLabel': 'Alle Segmente', 'Bfp_TrainTypeLabel_No': 0, 'Bfp_TrainTypeLabelSize': 10}, '8': {'Bfp_TrainType': '', 'Bfp_TrainTypeColor': 'black', 'Bfp_TrainTypeWidth': 4, 'Bfp_TrainTypeLabel': 'Alle Segmente', 'Bfp_TrainTypeLabel_No': 0, 'Bfp_TrainTypeLabelSize': 10}, '9': {'Bfp_TrainType': '', 'Bfp_TrainTypeColor': 'black', 'Bfp_TrainTypeWidth': 4, 'Bfp_TrainTypeLabel': 'Alle Segmente', 'Bfp_TrainTypeLabel_No': 0, 'Bfp_TrainTypeLabelSize': 10}}, 'TeilStreckeCheckButton': True}
10:10:28: GetConfigData Key: Bfp_TreeView
10:10:28: GetConfigData Key: Bfp_trainfilename
10:10:28: GetConfigData Key: TeilStreckeCheckButton
10:10:28: GetConfigData Key: StartStation
10:10:28: GetConfigData Key: EndStation
10:10:28: Create Tab: StationsConfigurationPage
10:10:28: TabClass: <class 'timetablepages.ConfigurationPage.ConfigurationPage'> 
10:10:28: ConfigurationPage - Multipleparams
10:10:28: ConfigurationPage - Multipleparams
10:10:28: ConfigurationPage - Multipleparams
10:10:28: ConfigurationPage - Multipleparams
10:10:28: ConfigurationPage - Multipleparams
10:10:28: GetConfigData Key: TLDirection_No
10:10:28: GetConfigData Key: Bfp_width
10:10:28: GetConfigData Key: Bfp_height
10:10:28: GetConfigData Key: Bfp_start
10:10:28: GetConfigData Key: Bfp_duration
10:10:28: GetConfigData Key: TLFileType_No
10:10:28: GetConfigData Key: Bfp_TrainMinuteSize
10:10:28: GetConfigData Key: Bfp_S_LineColor
10:10:28: GetConfigData Key: Bfp_S_LineWidth
10:10:28: GetConfigData Key: Bfp_S_LineLabelDir_No
10:10:28: GetConfigData Key: Bfp_S_LineLabelSize
10:10:28: GetConfigData Key: Bfp_TH_LineColor
10:10:28: GetConfigData Key: Bfp_TH_LineWidth
10:10:28: GetConfigData Key: Bfp_TH_LineLabelSize
10:10:28: Create Tab: ConfigurationPage
10:10:28: Tabselected: Start
10:10:28: Start
10:10:28: TabChanged  - .!notebook.!startpage
10:10:30: Tabunselected: Start
10:10:30: Tabselected: Bildfahrplan
10:10:30: Bildfahrplan
10:10:30: GetConfigData Key: Bfp_width
10:10:30: GetConfigData Key: Bfp_height
10:10:30: GetConfigData Key: Bfp_filename
10:10:30: GetConfigData Key: Bfp_trainfilename
10:10:30: GetConfigData Key: Bfp_start
10:10:30: GetConfigData Key: Bfp_duration
10:10:30: GetConfigData Key: Bfp_TrainTypeProp
10:10:30: Kein BuchfahrplanRohDatei Element gefunden E3630_3631 D:/Zusi3/_ZusiData/Timetables/Deutschland/Ruhrtalbahn\Hagen-Kassel_Fahrplan1981_12Uhr-19Uhr
10:10:31: Kein BuchfahrplanRohDatei Element gefunden Üg69922_Lz87680 D:/Zusi3/_ZusiData/Timetables/Deutschland/Ruhrtalbahn\Hagen-Kassel_Fahrplan1981_12Uhr-19Uhr
10:10:31: Kein BuchfahrplanRohDatei Element gefunden X-DekoKasselHbf_Gleis2-4 D:/Zusi3/_ZusiData/Timetables/Deutschland/Ruhrtalbahn\Hagen-Kassel_Fahrplan1981_12Uhr-19Uhr
10:10:31: GetConfigData Key: TLDirection
10:10:39: GetConfigData Key: TeilStreckeCheckButton
